{
  "Cucumber Features": {
    "coverage": {
      "/home/jingtang/acceptanceUnitTest/app/models/movie.rb": {
        "lines": [
          1,
          1,
          2,
          2,
          1,
          null,
          null
        ]
      },
      "/home/jingtang/acceptanceUnitTest/app/controllers/movies_controller.rb": {
        "lines": [
          1,
          null,
          1,
          4,
          4,
          null,
          4,
          null,
          null,
          1,
          4,
          null,
          null,
          1,
          null,
          null,
          null,
          1,
          1,
          1,
          1,
          null,
          null,
          1,
          1,
          null,
          null,
          1,
          1,
          1,
          1,
          1,
          null,
          null,
          1,
          2,
          2,
          1,
          null,
          2,
          null,
          null,
          1,
          1,
          1,
          1,
          1,
          null,
          null,
          1,
          null,
          null,
          1,
          2,
          null,
          null
        ]
      },
      "/home/jingtang/acceptanceUnitTest/app/controllers/application_controller.rb": {
        "lines": [
          1,
          null,
          null,
          1,
          null
        ]
      },
      "/home/jingtang/acceptanceUnitTest/app/helpers/application_helper.rb": {
        "lines": [
          1,
          null
        ]
      },
      "/home/jingtang/acceptanceUnitTest/app/helpers/movies_helper.rb": {
        "lines": [
          1,
          null,
          null,
          null,
          null,
          null
        ]
      }
    },
    "timestamp": 1666834078
  },
  "RSpec": {
    "coverage": {
      "/home/jingtang/acceptanceUnitTest/app/helpers/application_helper.rb": {
        "lines": [
          1,
          null
        ]
      },
      "/home/jingtang/acceptanceUnitTest/app/helpers/movies_helper.rb": {
        "lines": [
          1,
          null,
          null,
          null,
          null,
          null
        ]
      },
      "/home/jingtang/acceptanceUnitTest/app/controllers/movies_controller.rb": {
        "lines": [
          1,
          null,
          1,
          1,
          1,
          null,
          1,
          null,
          null,
          1,
          0,
          null,
          null,
          1,
          null,
          null,
          null,
          1,
          0,
          0,
          0,
          null,
          null,
          1,
          0,
          null,
          null,
          1,
          0,
          0,
          0,
          0,
          null,
          null,
          1,
          0,
          0,
          0,
          null,
          0,
          null,
          null,
          1,
          0,
          0,
          0,
          0,
          null,
          null,
          1,
          null,
          null,
          1,
          0,
          null,
          null
        ]
      },
      "/home/jingtang/acceptanceUnitTest/app/controllers/application_controller.rb": {
        "lines": [
          1,
          null,
          null,
          1,
          null
        ]
      },
      "/home/jingtang/acceptanceUnitTest/app/models/movie.rb": {
        "lines": [
          1,
          1,
          0,
          0,
          0,
          null,
          null
        ]
      }
    },
    "timestamp": 1666834643
  }
}
